BEGIN 3:intf_fifo:fast__2:work
    data_out :  1:FIFO:fast:work
    rst_n :  1:FIFO:fast:work
    underflow :  1:FIFO:fast:work
    data_in :  1:FIFO:fast:work
    almostempty :  1:FIFO:fast:work
    full :  1:FIFO:fast:work
    rd_en :  1:FIFO:fast:work
    clk :  1:FIFO:fast:work
    empty :  1:FIFO:fast:work
    wr_en :  1:FIFO:fast:work
    almostfull :  1:FIFO:fast:work
    wr_ack :  1:FIFO:fast:work
    overflow :  1:FIFO:fast:work
END 
BEGIN 3:intf_fifo:fast__1:work
    rd_en :  1:Fifo_drv_pkg:fast:work 1:Fifo_mon_pkg:fast:work
    data_in :  1:Fifo_drv_pkg:fast:work 1:Fifo_mon_pkg:fast:work
    almostempty :  1:Fifo_mon_pkg:fast:work
    full :  1:Fifo_mon_pkg:fast:work
    data_out :  1:Fifo_mon_pkg:fast:work
    rst_n :  1:Fifo_drv_pkg:fast:work 1:Fifo_mon_pkg:fast:work
    underflow :  1:Fifo_mon_pkg:fast:work
    empty :  1:Fifo_mon_pkg:fast:work
    wr_ack :  1:Fifo_mon_pkg:fast:work
    wr_en :  1:Fifo_drv_pkg:fast:work 1:Fifo_mon_pkg:fast:work
    clk :  1:Fifo_drv_pkg:fast:work 1:Fifo_mon_pkg:fast:work 1:test_pkg:fast:work
    almostfull :  1:Fifo_mon_pkg:fast:work
    overflow :  1:Fifo_mon_pkg:fast:work
END 
